2024-09-03 22:27:55 [Test worker] INFO  o.s.b.t.c.SpringBootTestContextBootstrapper - Neither @ContextConfiguration nor @ContextHierarchy found for test class [com.administracionclientesapi.AdministracionClientesApiApplicationTests], using SpringBootContextLoader
2024-09-03 22:27:55 [Test worker] INFO  o.s.t.c.s.AbstractContextLoader - Could not detect default resource locations for test class [com.administracionclientesapi.AdministracionClientesApiApplicationTests]: no resource found for suffixes {-context.xml, Context.groovy}.
2024-09-03 22:27:55 [Test worker] INFO  o.s.t.c.s.AnnotationConfigContextLoaderUtils - Could not detect default configuration classes for test class [com.administracionclientesapi.AdministracionClientesApiApplicationTests]: AdministracionClientesApiApplicationTests does not declare any static, non-private, non-final, nested classes annotated with @Configuration.
2024-09-03 22:27:55 [Test worker] INFO  o.s.b.t.c.SpringBootTestContextBootstrapper - Found @SpringBootConfiguration com.administracionclientesapi.AdministracionClientesApiApplication for test class com.administracionclientesapi.AdministracionClientesApiApplicationTests
2024-09-03 22:27:55 [Test worker] INFO  o.s.b.t.c.SpringBootTestContextBootstrapper - Loaded default TestExecutionListener class names from location [META-INF/spring.factories]: [org.springframework.boot.test.autoconfigure.restdocs.RestDocsTestExecutionListener, org.springframework.boot.test.autoconfigure.web.client.MockRestServiceServerResetTestExecutionListener, org.springframework.boot.test.autoconfigure.web.servlet.MockMvcPrintOnlyOnFailureTestExecutionListener, org.springframework.boot.test.autoconfigure.web.servlet.WebDriverTestExecutionListener, org.springframework.boot.test.autoconfigure.webservices.client.MockWebServiceServerTestExecutionListener, org.springframework.boot.test.mock.mockito.MockitoTestExecutionListener, org.springframework.boot.test.mock.mockito.ResetMocksTestExecutionListener, org.springframework.test.context.web.ServletTestExecutionListener, org.springframework.test.context.support.DirtiesContextBeforeModesTestExecutionListener, org.springframework.test.context.event.ApplicationEventsTestExecutionListener, org.springframework.test.context.support.DependencyInjectionTestExecutionListener, org.springframework.test.context.support.DirtiesContextTestExecutionListener, org.springframework.test.context.transaction.TransactionalTestExecutionListener, org.springframework.test.context.jdbc.SqlScriptsTestExecutionListener, org.springframework.test.context.event.EventPublishingTestExecutionListener]
2024-09-03 22:27:55 [Test worker] INFO  o.s.b.t.c.SpringBootTestContextBootstrapper - Using TestExecutionListeners: [org.springframework.test.context.web.ServletTestExecutionListener@35e52059, org.springframework.test.context.support.DirtiesContextBeforeModesTestExecutionListener@62577d6, org.springframework.test.context.event.ApplicationEventsTestExecutionListener@49bd54f7, org.springframework.boot.test.mock.mockito.MockitoTestExecutionListener@6b5f8707, org.springframework.boot.test.autoconfigure.SpringBootDependencyInjectionTestExecutionListener@772485dd, org.springframework.test.context.support.DirtiesContextTestExecutionListener@5a12c728, org.springframework.test.context.transaction.TransactionalTestExecutionListener@79ab3a71, org.springframework.test.context.jdbc.SqlScriptsTestExecutionListener@6e5bfdfc, org.springframework.test.context.event.EventPublishingTestExecutionListener@3d829787, org.springframework.boot.test.autoconfigure.restdocs.RestDocsTestExecutionListener@71652c98, org.springframework.boot.test.autoconfigure.web.client.MockRestServiceServerResetTestExecutionListener@51bde877, org.springframework.boot.test.autoconfigure.web.servlet.MockMvcPrintOnlyOnFailureTestExecutionListener@60b85ba1, org.springframework.boot.test.autoconfigure.web.servlet.WebDriverTestExecutionListener@492fc69e, org.springframework.boot.test.autoconfigure.webservices.client.MockWebServiceServerTestExecutionListener@117632cf, org.springframework.boot.test.mock.mockito.ResetMocksTestExecutionListener@2fb68ec6]
2024-09-03 22:27:55 [Test worker] INFO  c.a.AdministracionClientesApiApplicationTests - Starting AdministracionClientesApiApplicationTests using Java 17.0.9 on DESKTOP-1LCD7PN with PID 40972 (started by Anderson López in C:\Desarrollo\prueba tecnica\administracion-clientes-api)
2024-09-03 22:27:55 [Test worker] DEBUG c.a.AdministracionClientesApiApplicationTests - Running with Spring Boot v2.7.17, Spring v5.3.30
2024-09-03 22:27:55 [Test worker] INFO  c.a.AdministracionClientesApiApplicationTests - No active profile set, falling back to 1 default profile: "default"
2024-09-03 22:27:56 [Test worker] INFO  o.s.d.r.c.RepositoryConfigurationDelegate - Bootstrapping Spring Data JPA repositories in DEFAULT mode.
2024-09-03 22:27:56 [Test worker] INFO  o.s.d.r.c.RepositoryConfigurationDelegate - Finished Spring Data repository scanning in 211 ms. Found 2 JPA repository interfaces.
2024-09-03 22:27:57 [Test worker] INFO  o.h.jpa.internal.util.LogHelper - HHH000204: Processing PersistenceUnitInfo [name: default]
2024-09-03 22:27:57 [Test worker] INFO  org.hibernate.Version - HHH000412: Hibernate ORM core version 5.6.15.Final
2024-09-03 22:27:58 [Test worker] INFO  o.h.annotations.common.Version - HCANN000001: Hibernate Commons Annotations {5.1.2.Final}
2024-09-03 22:27:58 [Test worker] INFO  com.zaxxer.hikari.HikariDataSource - HikariPool-1 - Starting...
2024-09-03 22:27:58 [Test worker] INFO  com.zaxxer.hikari.HikariDataSource - HikariPool-1 - Start completed.
2024-09-03 22:27:58 [Test worker] INFO  org.hibernate.dialect.Dialect - HHH000400: Using dialect: org.hibernate.dialect.PostgreSQL95Dialect
2024-09-03 22:28:00 [Test worker] INFO  o.h.e.t.j.p.i.JtaPlatformInitiator - HHH000490: Using JtaPlatform implementation: [org.hibernate.engine.transaction.jta.platform.internal.NoJtaPlatform]
2024-09-03 22:28:00 [Test worker] INFO  o.s.o.j.LocalContainerEntityManagerFactoryBean - Initialized JPA EntityManagerFactory for persistence unit 'default'
2024-09-03 22:28:01 [Test worker] WARN  o.s.b.a.o.j.JpaBaseConfiguration$JpaWebConfiguration - spring.jpa.open-in-view is enabled by default. Therefore, database queries may be performed during view rendering. Explicitly configure spring.jpa.open-in-view to disable this warning
2024-09-03 22:28:02 [Test worker] INFO  c.a.AdministracionClientesApiApplicationTests - Started AdministracionClientesApiApplicationTests in 6.954 seconds (JVM running for 8.177)
2024-09-03 22:28:02 [SpringApplicationShutdownHook] INFO  o.s.o.j.LocalContainerEntityManagerFactoryBean - Closing JPA EntityManagerFactory for persistence unit 'default'
2024-09-03 22:28:02 [SpringApplicationShutdownHook] INFO  com.zaxxer.hikari.HikariDataSource - HikariPool-1 - Shutdown initiated...
2024-09-03 22:28:02 [SpringApplicationShutdownHook] INFO  com.zaxxer.hikari.HikariDataSource - HikariPool-1 - Shutdown completed.
2024-09-03 22:37:22 [Test worker] INFO  o.s.mock.web.MockServletContext - Initializing Spring TestDispatcherServlet ''
2024-09-03 22:37:22 [Test worker] INFO  o.s.t.w.s.TestDispatcherServlet - Initializing Servlet ''
2024-09-03 22:37:22 [Test worker] INFO  o.s.t.w.s.TestDispatcherServlet - Completed initialization in 5 ms
2024-09-03 22:37:22 [Test worker] INFO  o.s.mock.web.MockServletContext - Initializing Spring TestDispatcherServlet ''
2024-09-03 22:37:22 [Test worker] INFO  o.s.t.w.s.TestDispatcherServlet - Initializing Servlet ''
2024-09-03 22:37:22 [Test worker] INFO  o.s.t.w.s.TestDispatcherServlet - Completed initialization in 0 ms
2024-09-03 22:37:22 [Test worker] INFO  o.s.mock.web.MockServletContext - Initializing Spring TestDispatcherServlet ''
2024-09-03 22:37:22 [Test worker] INFO  o.s.t.w.s.TestDispatcherServlet - Initializing Servlet ''
2024-09-03 22:37:22 [Test worker] INFO  o.s.t.w.s.TestDispatcherServlet - Completed initialization in 0 ms
2024-09-03 22:37:22 [Test worker] INFO  o.s.mock.web.MockServletContext - Initializing Spring TestDispatcherServlet ''
2024-09-03 22:37:22 [Test worker] INFO  o.s.t.w.s.TestDispatcherServlet - Initializing Servlet ''
2024-09-03 22:37:22 [Test worker] INFO  o.s.t.w.s.TestDispatcherServlet - Completed initialization in 0 ms
